[ 20%] Built target gmock
[ 26%] [34m[1mRunning `/opt/ros/jazzy/bin/generate_parameter_library_cpp /home/papalist/tek_expo_demo_3_ws/build/bumperbot_controller/mecanum_drive_controller_parameters/include//mecanum_drive_controller_parameters.hpp /home/papalist/tek_expo_demo_3_ws/src/bumperbot_controller/src/mecanum_drive_controller.yaml `[0m
[ 40%] Built target gmock_main
[ 40%] Built target ament_cmake_python_copy_bumperbot_controller
[ 46%] [32mBuilding CXX object CMakeFiles/test_load_mecanum_drive_controller.dir/test/test_load_mecanum_drive_controller.cpp.o[0m
running egg_info
writing bumperbot_controller.egg-info/PKG-INFO
writing dependency_links to bumperbot_controller.egg-info/dependency_links.txt
writing top-level names to bumperbot_controller.egg-info/top_level.txt
reading manifest file 'bumperbot_controller.egg-info/SOURCES.txt'
writing manifest file 'bumperbot_controller.egg-info/SOURCES.txt'
[ 46%] Built target ament_cmake_python_build_bumperbot_controller_egg
[ 46%] Built target mecanum_drive_controller_parameters
[ 53%] [32mBuilding CXX object CMakeFiles/mecanum_drive_controller.dir/src/mecanum_drive_controller.cpp.o[0m
[ 60%] [32mBuilding CXX object CMakeFiles/mecanum_drive_controller.dir/src/odometry.cpp.o[0m
In file included from [01m[K/home/papalist/tek_expo_demo_3_ws/src/bumperbot_controller/src/odometry.cpp:15[m[K:
[01m[K/home/papalist/tek_expo_demo_3_ws/src/bumperbot_controller/include/mecanum_drive_controller/odometry.hpp:19:10:[m[K [01;31m[Kfatal error: [m[Krealtime_tools/realtime_buffer.hpp: No such file or directory
   19 | #include [01;31m[K"realtime_tools/realtime_buffer.hpp"[m[K
      |          [01;31m[K^~~~~~~~~~~~~~~~~~~~~~~~~~~~~~~~~~~~[m[K
compilation terminated.
gmake[2]: *** [CMakeFiles/mecanum_drive_controller.dir/build.make:90: CMakeFiles/mecanum_drive_controller.dir/src/odometry.cpp.o] Error 1
gmake[2]: *** Waiting for unfinished jobs....
In file included from [01m[K/home/papalist/tek_expo_demo_3_ws/src/bumperbot_controller/include/mecanum_drive_controller/mecanum_drive_controller.hpp:27[m[K,
                 from [01m[K/home/papalist/tek_expo_demo_3_ws/src/bumperbot_controller/src/mecanum_drive_controller.cpp:15[m[K:
[01m[K/home/papalist/tek_expo_demo_3_ws/src/bumperbot_controller/include/mecanum_drive_controller/odometry.hpp:19:10:[m[K [01;31m[Kfatal error: [m[Krealtime_tools/realtime_buffer.hpp: No such file or directory
   19 | #include [01;31m[K"realtime_tools/realtime_buffer.hpp"[m[K
      |          [01;31m[K^~~~~~~~~~~~~~~~~~~~~~~~~~~~~~~~~~~~[m[K
compilation terminated.
gmake[2]: *** [CMakeFiles/mecanum_drive_controller.dir/build.make:76: CMakeFiles/mecanum_drive_controller.dir/src/mecanum_drive_controller.cpp.o] Error 1
gmake[1]: *** [CMakeFiles/Makefile2:263: CMakeFiles/mecanum_drive_controller.dir/all] Error 2
gmake[1]: *** Waiting for unfinished jobs....
[ 66%] [32m[1mLinking CXX executable test_load_mecanum_drive_controller[0m
[ 66%] Built target test_load_mecanum_drive_controller
gmake: *** [Makefile:146: all] Error 2
