[0.049s] Invoking command in '/home/papalist/tek_expo_demo_3_ws/build/bumperbot_controller': CMAKE_PREFIX_PATH=${CMAKE_PREFIX_PATH}:/opt/ros/jazzy DEBUGINFOD_URLS=https://debuginfod.ubuntu.com /usr/bin/cmake --build /home/papalist/tek_expo_demo_3_ws/build/bumperbot_controller -- -j8 -l8
[0.116s] -- Found ament_cmake: 2.5.2 (/opt/ros/jazzy/share/ament_cmake/cmake)
[0.576s] -- Found rclcpp: 28.1.5 (/opt/ros/jazzy/share/rclcpp/cmake)
[0.634s] -- Found rosidl_generator_c: 4.6.4 (/opt/ros/jazzy/share/rosidl_generator_c/cmake)
[0.657s] -- Found rosidl_generator_cpp: 4.6.4 (/opt/ros/jazzy/share/rosidl_generator_cpp/cmake)
[0.684s] -- Using all available rosidl_typesupport_c: rosidl_typesupport_fastrtps_c;rosidl_typesupport_introspection_c
[0.716s] -- Using all available rosidl_typesupport_cpp: rosidl_typesupport_fastrtps_cpp;rosidl_typesupport_introspection_cpp
[0.865s] -- Found rmw_implementation_cmake: 7.3.1 (/opt/ros/jazzy/share/rmw_implementation_cmake/cmake)
[0.868s] -- Found rmw_fastrtps_cpp: 8.4.1 (/opt/ros/jazzy/share/rmw_fastrtps_cpp/cmake)
[1.006s] -- Using RMW implementation 'rmw_fastrtps_cpp' as default
[1.107s] -- Found rclpy: 7.1.2 (/opt/ros/jazzy/share/rclpy/cmake)
[1.107s] -- Found geometry_msgs: 5.3.5 (/opt/ros/jazzy/share/geometry_msgs/cmake)
[1.164s] -- Found sensor_msgs: 5.3.5 (/opt/ros/jazzy/share/sensor_msgs/cmake)
[1.197s] -- Found nav_msgs: 5.3.5 (/opt/ros/jazzy/share/nav_msgs/cmake)
[1.235s] -- Found tf2_ros: 0.36.4 (/opt/ros/jazzy/share/tf2_ros/cmake)
[1.392s] -- Found realtime_tools: 2.8.1 (/opt/ros/jazzy/share/realtime_tools/cmake)
[1.397s] -- Found controller_interface: 4.20.0 (/opt/ros/jazzy/share/controller_interface/cmake)
[1.559s] -- Found generate_parameter_library: 0.3.9 (/opt/ros/jazzy/share/generate_parameter_library/cmake)
[1.560s] -- Found parameter_traits: 0.3.9 (/opt/ros/jazzy/share/parameter_traits/cmake)
[1.572s] -- Found std_srvs: 5.3.5 (/opt/ros/jazzy/share/std_srvs/cmake)
[1.598s] -- Found tf2_geometry_msgs: 0.36.4 (/opt/ros/jazzy/share/tf2_geometry_msgs/cmake)
[1.603s] -- Found eigen3_cmake_module: 0.3.0 (/opt/ros/jazzy/share/eigen3_cmake_module/cmake)
[1.605s] -- Ensuring Eigen3 include directory is part of orocos-kdl CMake target
[1.774s] -- Found ament_cmake_gmock: 2.5.2 (/opt/ros/jazzy/share/ament_cmake_gmock/cmake)
[1.776s] -- Found controller_manager: 4.20.0 (/opt/ros/jazzy/share/controller_manager/cmake)
[1.889s] -- Found ros2_control_test_assets: 4.20.0 (/opt/ros/jazzy/share/ros2_control_test_assets/cmake)
[1.890s] -- Found gmock sources under '/opt/ros/jazzy/src/gmock_vendor': C++ tests using 'Google Mock' will be built
[1.895s] -- Found ament_cmake_gtest: 2.5.2 (/opt/ros/jazzy/share/ament_cmake_gtest/cmake)
[1.896s] -- Found gtest sources under '/opt/ros/jazzy/src/gtest_vendor': C++ tests using 'Google Test' will be built
[2.050s] -- Configuring done (2.0s)
[2.135s] -- Generating done (0.1s)
[2.161s] -- Build files have been written to: /home/papalist/tek_expo_demo_3_ws/build/bumperbot_controller
[2.237s] [  6%] Built target mecanum_drive_controller_parameters
[2.251s] [ 20%] Built target gmock_main
[2.259s] [ 40%] Built target gmock
[2.265s] [ 40%] Built target ament_cmake_python_copy_bumperbot_controller
[2.284s] [ 46%] [32mBuilding CXX object CMakeFiles/mecanum_drive_controller.dir/src/mecanum_drive_controller.cpp.o[0m
[2.287s] [ 53%] [32mBuilding CXX object CMakeFiles/mecanum_drive_controller.dir/src/odometry.cpp.o[0m
[2.342s] [ 66%] Built target test_load_mecanum_drive_controller
[2.638s] In file included from [01m[K/home/papalist/tek_expo_demo_3_ws/src/bumperbot_controller/src/odometry.cpp:15[m[K:
[2.638s] [01m[K/home/papalist/tek_expo_demo_3_ws/src/bumperbot_controller/include/mecanum_drive_controller/odometry.hpp:19:10:[m[K [01;31m[Kfatal error: [m[Krealtime_tools/realtime_buffer.hpp: No such file or directory
[2.638s]    19 | #include [01;31m[K<realtime_tools/realtime_buffer.hpp>[m[K
[2.638s]       |          [01;31m[K^~~~~~~~~~~~~~~~~~~~~~~~~~~~~~~~~~~~[m[K
[2.638s] compilation terminated.
[2.641s] gmake[2]: *** [CMakeFiles/mecanum_drive_controller.dir/build.make:90: CMakeFiles/mecanum_drive_controller.dir/src/odometry.cpp.o] Error 1
[2.641s] gmake[2]: *** Waiting for unfinished jobs....
[2.699s] running egg_info
[2.735s] writing bumperbot_controller.egg-info/PKG-INFO
[2.735s] writing dependency_links to bumperbot_controller.egg-info/dependency_links.txt
[2.735s] writing top-level names to bumperbot_controller.egg-info/top_level.txt
[2.846s] reading manifest file 'bumperbot_controller.egg-info/SOURCES.txt'
[2.847s] writing manifest file 'bumperbot_controller.egg-info/SOURCES.txt'
[2.892s] [ 66%] Built target ament_cmake_python_build_bumperbot_controller_egg
[2.926s] In file included from [01m[K/home/papalist/tek_expo_demo_3_ws/src/bumperbot_controller/include/mecanum_drive_controller/mecanum_drive_controller.hpp:27[m[K,
[2.926s]                  from [01m[K/home/papalist/tek_expo_demo_3_ws/src/bumperbot_controller/src/mecanum_drive_controller.cpp:15[m[K:
[2.926s] [01m[K/home/papalist/tek_expo_demo_3_ws/src/bumperbot_controller/include/mecanum_drive_controller/odometry.hpp:19:10:[m[K [01;31m[Kfatal error: [m[Krealtime_tools/realtime_buffer.hpp: No such file or directory
[2.926s]    19 | #include [01;31m[K<realtime_tools/realtime_buffer.hpp>[m[K
[2.926s]       |          [01;31m[K^~~~~~~~~~~~~~~~~~~~~~~~~~~~~~~~~~~~[m[K
[2.926s] compilation terminated.
[2.932s] gmake[2]: *** [CMakeFiles/mecanum_drive_controller.dir/build.make:76: CMakeFiles/mecanum_drive_controller.dir/src/mecanum_drive_controller.cpp.o] Error 1
[2.932s] gmake[1]: *** [CMakeFiles/Makefile2:263: CMakeFiles/mecanum_drive_controller.dir/all] Error 2
[2.932s] gmake: *** [Makefile:146: all] Error 2
[2.935s] Invoked command in '/home/papalist/tek_expo_demo_3_ws/build/bumperbot_controller' returned '2': CMAKE_PREFIX_PATH=${CMAKE_PREFIX_PATH}:/opt/ros/jazzy DEBUGINFOD_URLS=https://debuginfod.ubuntu.com /usr/bin/cmake --build /home/papalist/tek_expo_demo_3_ws/build/bumperbot_controller -- -j8 -l8
